#
# A fatal error has been detected by the Java Runtime Environment:
#
#  EXCEPTION_ACCESS_VIOLATION (0xc0000005) at pc=0x000001efe49a1066, pid=18168, tid=0x0000000000003424
#
# JRE version: OpenJDK Runtime Environment (8.0_372-b07) (build 1.8.0_372-b07)
# Java VM: OpenJDK 64-Bit Server VM (25.372-b07 mixed mode windows-amd64 compressed oops)
# Problematic frame:
# C  [OpenAL64.dll+0x11066]
#
# Failed to write core dump. Minidumps are not enabled by default on client versions of Windows
#
# If you would like to submit a bug report, please visit:
#   https://github.com/adoptium/adoptium-support/issues
# The crash happened outside the Java Virtual Machine in native code.
# See problematic frame for where to report the bug.
#

---------------  T H R E A D  ---------------

Current thread (0x000001efc4ce0800):  JavaThread "main" [_thread_in_native, id=13348, stack(0x000000600cf00000,0x000000600d000000)]

siginfo: ExceptionCode=0xc0000005, reading address 0x000001efe2582004

Registers:
RAX=0x0000000000000004, RBX=0x000001efe4af0090, RCX=0x000001efe2582008, RDX=0x000001efe2582004
RSP=0x000000600cffc5c0, RBP=0x00000000000000ff, RSI=0x000001efe2581f9c, RDI=0x0000000000000000
R8 =0x000000000000001a, R9 =0x000001efe2581f9c, R10=0x000001efc6739c62, R11=0x0000000050f98e00
R12=0x0000000000000001, R13=0x000001efe34a7ea8, R14=0x000000600cffc760, R15=0x000001efc4ce0800
RIP=0x000001efe49a1066, EFLAGS=0x0000000000010202

Top of Stack: (sp=0x000000600cffc5c0)
0x000000600cffc5c0:   0000000000000000 000001efc4ce0800
0x000000600cffc5d0:   000000600cffc760 000001efe34a7ea8
0x000000600cffc5e0:   000001efe34a7ea8 0000000000000000
0x000000600cffc5f0:   000001efc4ce0800 0000000000000000
0x000000600cffc600:   000000600cffc728 0000000050e2f1eb
0x000000600cffc610:   000000600cffc640 000001efc677a6d3
0x000000600cffc620:   000001efc4c95c90 000001efc4ce1410
0x000000600cffc630:   000001efc4ce0800 000000600cffc760
0x000000600cffc640:   000001efe34a7ea8 0000000000000000
0x000000600cffc650:   000001efe2581f9c 0000000000000248
0x000000600cffc660:   000000600cffc728 000001efe49a248f
0x000000600cffc670:   000001efe4af0090 000001efe4af0090
0x000000600cffc680:   000001ef0000ac44 000001ef00000004
0x000000600cffc690:   000001efc6727bd0 000001efc6739c8e
0x000000600cffc6a0:   000001efe34a7ea8 0000000000000248
0x000000600cffc6b0:   000001efc6727bd0 000001efc673999b 

Instructions: (pc=0x000001efe49a1066)
0x000001efe49a1046:   41 2b ec 81 3a 03 00 02 00 75 09 8b 01 89 84 24
0x000001efe49a1056:   c8 00 00 00 49 83 c0 02 48 83 c1 08 4a 8d 14 86
0x000001efe49a1066:   39 3a 75 af 4c 8d 84 24 c0 00 00 00 48 8d 15 d7
0x000001efe49a1076:   2b 03 00 33 c9 e8 58 5f 00 00 b8 40 1f 00 00 4c 


Register to memory mapping:

RAX=0x0000000000000004 is an unknown value
RBX=0x000001efe4af0090 is an unknown value
RCX=0x000001efe2582008 is an unknown value
RDX=0x000001efe2582004 is an unknown value
RSP=0x000000600cffc5c0 is pointing into the stack for thread: 0x000001efc4ce0800
RBP=0x00000000000000ff is an unknown value
RSI=0x000001efe2581f9c is an unknown value
RDI=0x0000000000000000 is an unknown value
R8 =0x000000000000001a is an unknown value
R9 =0x000001efe2581f9c is an unknown value
R10=0x000001efc6739c62 is at code_begin+962 in an Interpreter codelet
method entry point (kind = native)  [0x000001efc67398a0, 0x000001efc673a340]  2720 bytes
R11=0x0000000050f98e00 is an unknown value
R12=0x0000000000000001 is an unknown value
R13={method} {0x000001efe34a7eb0} 'nalcCreateContext' '(JJ)J' in 'org/lwjgl/openal/ALC10'
R14=0x000000600cffc760 is pointing into the stack for thread: 0x000001efc4ce0800
R15=0x000001efc4ce0800 is a thread


Stack: [0x000000600cf00000,0x000000600d000000],  sp=0x000000600cffc5c0,  free space=1009k
Native frames: (J=compiled Java code, j=interpreted, Vv=VM code, C=native code)
C  [OpenAL64.dll+0x11066]
C  [OpenAL64.dll+0x1248f]
C  0x000001efc6739c8e

Java frames: (J=compiled Java code, j=interpreted, Vv=VM code)
j  org.lwjgl.openal.ALC10.nalcCreateContext(JJ)J+0
j  org.lwjgl.openal.ALC10.alcCreateContext(Lorg/lwjgl/openal/ALCdevice;Ljava/nio/IntBuffer;)Lorg/lwjgl/openal/ALCcontext;+8
j  org.lwjgl.openal.AL.init(Ljava/lang/String;IIZZ)V+69
j  org.lwjgl.openal.AL.create(Ljava/lang/String;IIZZ)V+246
j  org.lwjgl.openal.AL.create(Ljava/lang/String;IIZ)V+5
j  org.lwjgl.openal.AL.create()V+6
j  com.badlogic.gdx.backends.lwjgl.audio.OpenALAudio.<init>(III)V+114
j  com.badlogic.gdx.backends.lwjgl.LwjglApplication.<init>(Lcom/badlogic/gdx/ApplicationListener;Lcom/badlogic/gdx/backends/lwjgl/LwjglApplicationConfiguration;Lcom/badlogic/gdx/backends/lwjgl/LwjglGraphics;)V+120
j  com.badlogic.gdx.backends.lwjgl.LwjglApplication.<init>(Lcom/badlogic/gdx/ApplicationListener;Lcom/badlogic/gdx/backends/lwjgl/LwjglApplicationConfiguration;)V+11
j  org.uqbar.project.wollok.game.gameboard.WollokGDXApplication.<init>(Lorg/uqbar/project/wollok/game/gameboard/Gameboard;Ljava/lang/Boolean;)V+17
j  org.uqbar.project.wollok.game.helpers.Application.start(Lorg/uqbar/project/wollok/game/gameboard/Gameboard;Ljava/lang/Boolean;)V+5
j  org.uqbar.project.wollok.game.gameboard.Gameboard.start(Ljava/lang/Boolean;)V+13
j  wollok.game.GameObject.doStart(Ljava/lang/Boolean;)V+12
v  ~StubRoutines::call_stub
j  sun.reflect.NativeMethodAccessorImpl.invoke0(Ljava/lang/reflect/Method;Ljava/lang/Object;[Ljava/lang/Object;)Ljava/lang/Object;+0
j  sun.reflect.NativeMethodAccessorImpl.invoke(Ljava/lang/Object;[Ljava/lang/Object;)Ljava/lang/Object;+100
J 2898 C1 sun.reflect.DelegatingMethodAccessorImpl.invoke(Ljava/lang/Object;[Ljava/lang/Object;)Ljava/lang/Object; (10 bytes) @ 0x000001efc7241784 [0x000001efc7241680+0x104]
J 2897 C1 java.lang.reflect.Method.invoke(Ljava/lang/Object;[Ljava/lang/Object;)Ljava/lang/Object; (62 bytes) @ 0x000001efc724292c [0x000001efc7242540+0x3ec]
j  org.uqbar.project.wollok.ui.utils.XTendUtilExtensions.invokeConvertingArgs(Ljava/lang/reflect/Method;Ljava/lang/Object;[Ljava/lang/Object;)Lorg/uqbar/project/wollok/interpreter/core/WollokObject;+261
j  org.uqbar.project.wollok.interpreter.AbstractWollokCallable._invokeNative(Ljava/lang/Object;Ljava/lang/String;[Lorg/uqbar/project/wollok/interpreter/core/WollokObject;)Lorg/uqbar/project/wollok/interpreter/core/WollokObject;+41
j  org.uqbar.project.wollok.interpreter.AbstractWollokCallable.invokeNative(Ljava/lang/Object;Ljava/lang/String;[Lorg/uqbar/project/wollok/interpreter/core/WollokObject;)Lorg/uqbar/project/wollok/interpreter/core/WollokObject;+26
j  org.uqbar.project.wollok.interpreter.AbstractWollokCallable$1.apply()Lorg/uqbar/project/wollok/interpreter/core/WollokObject;+55
j  org.uqbar.project.wollok.interpreter.AbstractWollokCallable$1.apply()Ljava/lang/Object;+1
J 3767 C1 org.uqbar.project.wollok.interpreter.threads.WThread.performOnStack(Lorg/eclipse/emf/ecore/EObject;Lorg/uqbar/project/wollok/interpreter/context/EvaluationContext;Lorg/eclipse/xtext/xbase/lib/Functions$Function0;)Lorg/uqbar/project/wollok/interpreter/core/WollokObject; (157 bytes) @ 0x000001efc75243b4 [0x000001efc7524080+0x334]
J 3766 C1 org.uqbar.project.wollok.interpreter.WollokInterpreter.performOnStack(Lorg/eclipse/emf/ecore/EObject;Lorg/uqbar/project/wollok/interpreter/context/EvaluationContext;Lorg/eclipse/xtext/xbase/lib/Functions$Function0;)Lorg/uqbar/project/wollok/interpreter/core/WollokObject; (11 bytes) @ 0x000001efc74d831c [0x000001efc74d8240+0xdc]
j  org.uqbar.project.wollok.interpreter.AbstractWollokCallable.call(Lorg/uqbar/project/wollok/wollokDsl/WMethodDeclaration;[Lorg/uqbar/project/wollok/interpreter/core/WollokObject;)Lorg/uqbar/project/wollok/interpreter/core/WollokObject;+38
J 3833 C1 org.uqbar.project.wollok.interpreter.core.WollokObject.call(Ljava/lang/String;[Lorg/uqbar/project/wollok/interpreter/core/WollokObject;)Lorg/uqbar/project/wollok/interpreter/core/WollokObject; (61 bytes) @ 0x000001efc755633c [0x000001efc7555c80+0x6bc]
j  org.uqbar.project.wollok.interpreter.WollokInterpreterEvaluator._evaluate(Lorg/uqbar/project/wollok/wollokDsl/WFeatureCall;)Lorg/uqbar/project/wollok/interpreter/core/WollokObject;+119
J 3529 C1 org.uqbar.project.wollok.launch.WollokLauncherInterpreterEvaluator.evaluate(Lorg/eclipse/emf/ecore/EObject;)Lorg/uqbar/project/wollok/interpreter/core/WollokObject; (502 bytes) @ 0x000001efc742cd4c [0x000001efc7428ba0+0x41ac]
J 3530 C1 org.uqbar.project.wollok.interpreter.WollokInterpreter.eval(Lorg/eclipse/emf/ecore/EObject;)Lorg/uqbar/project/wollok/interpreter/core/WollokObject; (190 bytes) @ 0x000001efc741abbc [0x000001efc741a180+0xa3c]
J 3628 C1 org.uqbar.project.wollok.interpreter.WollokInterpreterEvaluator.eval(Lorg/eclipse/emf/ecore/EObject;)Lorg/uqbar/project/wollok/interpreter/core/WollokObject; (9 bytes) @ 0x000001efc747b904 [0x000001efc747b880+0x84]
j  org.uqbar.project.wollok.interpreter.WollokInterpreterEvaluator$1.apply(Lorg/uqbar/project/wollok/interpreter/core/WollokObject;Lorg/eclipse/emf/ecore/EObject;)Lorg/uqbar/project/wollok/interpreter/core/WollokObject;+5
j  org.uqbar.project.wollok.interpreter.WollokInterpreterEvaluator$1.apply(Ljava/lang/Object;Ljava/lang/Object;)Ljava/lang/Object;+9
J 3642 C1 org.eclipse.xtext.xbase.lib.IterableExtensions.fold(Ljava/lang/Iterable;Ljava/lang/Object;Lorg/eclipse/xtext/xbase/lib/Functions$Function2;)Ljava/lang/Object; (12 bytes) @ 0x000001efc74808ac [0x000001efc7480600+0x2ac]
j  org.uqbar.project.wollok.interpreter.WollokInterpreterEvaluator.evalAll(Ljava/lang/Iterable;)Lorg/uqbar/project/wollok/interpreter/core/WollokObject;+12
j  org.uqbar.project.wollok.interpreter.WollokInterpreterEvaluator._evaluate(Lorg/uqbar/project/wollok/wollokDsl/WBlockExpression;)Lorg/uqbar/project/wollok/interpreter/core/WollokObject;+34
J 3529 C1 org.uqbar.project.wollok.launch.WollokLauncherInterpreterEvaluator.evaluate(Lorg/eclipse/emf/ecore/EObject;)Lorg/uqbar/project/wollok/interpreter/core/WollokObject; (502 bytes) @ 0x000001efc7430334 [0x000001efc7428ba0+0x7794]
J 3530 C1 org.uqbar.project.wollok.interpreter.WollokInterpreter.eval(Lorg/eclipse/emf/ecore/EObject;)Lorg/uqbar/project/wollok/interpreter/core/WollokObject; (190 bytes) @ 0x000001efc741abbc [0x000001efc741a180+0xa3c]
j  org.uqbar.project.wollok.interpreter.AbstractWollokCallable.eval(Lorg/eclipse/emf/ecore/EObject;)Lorg/uqbar/project/wollok/interpreter/core/WollokObject;+5
j  org.uqbar.project.wollok.interpreter.AbstractWollokCallable$1.apply()Lorg/uqbar/project/wollok/interpreter/core/WollokObject;+110
j  org.uqbar.project.wollok.interpreter.AbstractWollokCallable$1.apply()Ljava/lang/Object;+1
J 3767 C1 org.uqbar.project.wollok.interpreter.threads.WThread.performOnStack(Lorg/eclipse/emf/ecore/EObject;Lorg/uqbar/project/wollok/interpreter/context/EvaluationContext;Lorg/eclipse/xtext/xbase/lib/Functions$Function0;)Lorg/uqbar/project/wollok/interpreter/core/WollokObject; (157 bytes) @ 0x000001efc75243b4 [0x000001efc7524080+0x334]
J 3766 C1 org.uqbar.project.wollok.interpreter.WollokInterpreter.performOnStack(Lorg/eclipse/emf/ecore/EObject;Lorg/uqbar/project/wollok/interpreter/context/EvaluationContext;Lorg/eclipse/xtext/xbase/lib/Functions$Function0;)Lorg/uqbar/project/wollok/interpreter/core/WollokObject; (11 bytes) @ 0x000001efc74d831c [0x000001efc74d8240+0xdc]
j  org.uqbar.project.wollok.interpreter.AbstractWollokCallable.call(Lorg/uqbar/project/wollok/wollokDsl/WMethodDeclaration;[Lorg/uqbar/project/wollok/interpreter/core/WollokObject;)Lorg/uqbar/project/wollok/interpreter/core/WollokObject;+38
J 3833 C1 org.uqbar.project.wollok.interpreter.core.WollokObject.call(Ljava/lang/String;[Lorg/uqbar/project/wollok/interpreter/core/WollokObject;)Lorg/uqbar/project/wollok/interpreter/core/WollokObject; (61 bytes) @ 0x000001efc755633c [0x000001efc7555c80+0x6bc]
j  org.uqbar.project.wollok.interpreter.WollokInterpreterEvaluator._evaluate(Lorg/uqbar/project/wollok/wollokDsl/WFeatureCall;)Lorg/uqbar/project/wollok/interpreter/core/WollokObject;+119
J 3529 C1 org.uqbar.project.wollok.launch.WollokLauncherInterpreterEvaluator.evaluate(Lorg/eclipse/emf/ecore/EObject;)Lorg/uqbar/project/wollok/interpreter/core/WollokObject; (502 bytes) @ 0x000001efc742cd4c [0x000001efc7428ba0+0x41ac]
J 3530 C1 org.uqbar.project.wollok.interpreter.WollokInterpreter.eval(Lorg/eclipse/emf/ecore/EObject;)Lorg/uqbar/project/wollok/interpreter/core/WollokObject; (190 bytes) @ 0x000001efc741abbc [0x000001efc741a180+0xa3c]
J 3628 C1 org.uqbar.project.wollok.interpreter.WollokInterpreterEvaluator.eval(Lorg/eclipse/emf/ecore/EObject;)Lorg/uqbar/project/wollok/interpreter/core/WollokObject; (9 bytes) @ 0x000001efc747b904 [0x000001efc747b880+0x84]
j  org.uqbar.project.wollok.interpreter.WollokInterpreterEvaluator$1.apply(Lorg/uqbar/project/wollok/interpreter/core/WollokObject;Lorg/eclipse/emf/ecore/EObject;)Lorg/uqbar/project/wollok/interpreter/core/WollokObject;+5
j  org.uqbar.project.wollok.interpreter.WollokInterpreterEvaluator$1.apply(Ljava/lang/Object;Ljava/lang/Object;)Ljava/lang/Object;+9
j  org.eclipse.xtext.xbase.lib.IteratorExtensions.fold(Ljava/util/Iterator;Ljava/lang/Object;Lorg/eclipse/xtext/xbase/lib/Functions$Function2;)Ljava/lang/Object;+19
j  org.eclipse.xtext.xbase.lib.IterableExtensions.fold(Ljava/lang/Iterable;Ljava/lang/Object;Lorg/eclipse/xtext/xbase/lib/Functions$Function2;)Ljava/lang/Object;+8
j  org.uqbar.project.wollok.interpreter.WollokInterpreterEvaluator.evalAll(Ljava/lang/Iterable;)Lorg/uqbar/project/wollok/interpreter/core/WollokObject;+12
j  org.uqbar.project.wollok.interpreter.WollokInterpreterEvaluator._evaluate(Lorg/uqbar/project/wollok/wollokDsl/WProgram;)Lorg/uqbar/project/wollok/interpreter/core/WollokObject;+18
j  org.uqbar.project.wollok.launch.WollokLauncherInterpreterEvaluator.evaluate(Lorg/eclipse/emf/ecore/EObject;)Lorg/uqbar/project/wollok/interpreter/core/WollokObject;+444
j  org.uqbar.project.wollok.interpreter.WollokInterpreterEvaluator.evaluate(Lorg/eclipse/emf/ecore/EObject;)Ljava/lang/Object;+2
j  org.uqbar.project.wollok.interpreter.WollokInterpreter.eval(Lorg/eclipse/emf/ecore/EObject;)Lorg/uqbar/project/wollok/interpreter/core/WollokObject;+63
j  org.uqbar.project.wollok.interpreter.WollokInterpreterEvaluator.eval(Lorg/eclipse/emf/ecore/EObject;)Lorg/uqbar/project/wollok/interpreter/core/WollokObject;+5
j  org.uqbar.project.wollok.launch.WollokLauncherInterpreterEvaluator._evaluate(Lorg/uqbar/project/wollok/wollokDsl/WFile;)Lorg/uqbar/project/wollok/interpreter/core/WollokObject;+32
j  org.uqbar.project.wollok.launch.WollokLauncherInterpreterEvaluator.evaluate(Lorg/eclipse/emf/ecore/EObject;)Lorg/uqbar/project/wollok/interpreter/core/WollokObject;+428
j  org.uqbar.project.wollok.interpreter.WollokInterpreterEvaluator.evaluate(Lorg/eclipse/emf/ecore/EObject;)Ljava/lang/Object;+2
j  org.uqbar.project.wollok.interpreter.WollokInterpreter.interpret(Lorg/eclipse/emf/ecore/EObject;Ljava/lang/Boolean;)Lorg/uqbar/project/wollok/interpreter/core/WollokObject;+25
j  org.uqbar.project.wollok.interpreter.WollokInterpreter.interpret(Lorg/eclipse/emf/ecore/EObject;)Lorg/uqbar/project/wollok/interpreter/core/WollokObject;+8
j  org.uqbar.project.wollok.launch.WollokLauncher.doSomething(Lorg/uqbar/project/wollok/wollokDsl/WFile;Lcom/google/inject/Injector;Ljava/io/File;Lorg/uqbar/project/wollok/launch/WollokLauncherParameters;)V+109
j  org.uqbar.project.wollok.launch.WollokChecker.launch(Ljava/lang/String;Lorg/uqbar/project/wollok/launch/WollokLauncherParameters;)V+31
j  org.uqbar.project.wollok.launch.WollokChecker.doMain([Ljava/lang/String;)V+205
j  org.uqbar.project.wollok.launch.WollokLauncher.main([Ljava/lang/String;)V+8
v  ~StubRoutines::call_stub

---------------  P R O C E S S  ---------------

Java Threads: ( => current thread )
  0x000001efdeabc800 JavaThread "com.google.inject.internal.util.$Finalizer" daemon [_thread_blocked, id=13228, stack(0x000000600f100000,0x000000600f200000)]
  0x000001efdeef9000 JavaThread "EMF Reference Cleaner" daemon [_thread_blocked, id=18156, stack(0x000000600f000000,0x000000600f100000)]
  0x000001efddcc2000 JavaThread "Service Thread" daemon [_thread_blocked, id=18076, stack(0x000000600ee00000,0x000000600ef00000)]
  0x000001efddc00000 JavaThread "C1 CompilerThread11" daemon [_thread_blocked, id=8700, stack(0x000000600ed00000,0x000000600ee00000)]
  0x000001efddbfe000 JavaThread "C1 CompilerThread10" daemon [_thread_blocked, id=13288, stack(0x000000600ec00000,0x000000600ed00000)]
  0x000001efddc01000 JavaThread "C1 CompilerThread9" daemon [_thread_blocked, id=3548, stack(0x000000600eb00000,0x000000600ec00000)]
  0x000001efddc02800 JavaThread "C1 CompilerThread8" daemon [_thread_blocked, id=7484, stack(0x000000600ea00000,0x000000600eb00000)]
  0x000001efddbfc000 JavaThread "C2 CompilerThread7" daemon [_thread_blocked, id=16924, stack(0x000000600e900000,0x000000600ea00000)]
  0x000001efddc03800 JavaThread "C2 CompilerThread6" daemon [_thread_blocked, id=13440, stack(0x000000600e800000,0x000000600e900000)]
  0x000001efddbfb800 JavaThread "C2 CompilerThread5" daemon [_thread_blocked, id=11380, stack(0x000000600e700000,0x000000600e800000)]
  0x000001efddbe9800 JavaThread "C2 CompilerThread4" daemon [_thread_blocked, id=7512, stack(0x000000600e600000,0x000000600e700000)]
  0x000001efddbe5000 JavaThread "C2 CompilerThread3" daemon [_thread_blocked, id=10432, stack(0x000000600e500000,0x000000600e600000)]
  0x000001efddbe1800 JavaThread "C2 CompilerThread2" daemon [_thread_blocked, id=8920, stack(0x000000600e400000,0x000000600e500000)]
  0x000001efddbdf800 JavaThread "C2 CompilerThread1" daemon [_thread_blocked, id=8848, stack(0x000000600e300000,0x000000600e400000)]
  0x000001efddbd3800 JavaThread "C2 CompilerThread0" daemon [_thread_blocked, id=376, stack(0x000000600e200000,0x000000600e300000)]
  0x000001efddbce800 JavaThread "Attach Listener" daemon [_thread_blocked, id=11512, stack(0x000000600e100000,0x000000600e200000)]
  0x000001efddbc9800 JavaThread "Signal Dispatcher" daemon [_thread_blocked, id=19308, stack(0x000000600e000000,0x000000600e100000)]
  0x000001efdafda000 JavaThread "Finalizer" daemon [_thread_blocked, id=7280, stack(0x000000600df00000,0x000000600e000000)]
  0x000001efddbb1000 JavaThread "Reference Handler" daemon [_thread_blocked, id=9412, stack(0x000000600de00000,0x000000600df00000)]
=>0x000001efc4ce0800 JavaThread "main" [_thread_in_native, id=13348, stack(0x000000600cf00000,0x000000600d000000)]

Other Threads:
  0x000001efc4d87800 VMThread [stack: 0x000000600dd00000,0x000000600de00000] [id=8488]
  0x000001efddcc5000 WatcherThread [stack: 0x000000600ef00000,0x000000600f000000] [id=5420]

VM state:not at safepoint (normal execution)

VM Mutex/Monitor currently owned by a thread: None

heap address: 0x0000000084c00000, size: 1972 MB, Compressed Oops mode: 32-bit
Narrow klass base: 0x0000000000000000, Narrow klass shift: 3
Compressed class space size: 1073741824 Address: 0x0000000100000000

Heap:
 PSYoungGen      total 132096K, used 42512K [0x00000000d6f00000, 0x00000000df500000, 0x0000000100000000)
  eden space 126976K, 33% used [0x00000000d6f00000,0x00000000d9884380,0x00000000deb00000)
  from space 5120K, 0% used [0x00000000df000000,0x00000000df000000,0x00000000df500000)
  to   space 5120K, 0% used [0x00000000deb00000,0x00000000deb00000,0x00000000df000000)
 ParOldGen       total 78336K, used 18556K [0x0000000084c00000, 0x0000000089880000, 0x00000000d6f00000)
  object space 78336K, 23% used [0x0000000084c00000,0x0000000085e1f3d8,0x0000000089880000)
 Metaspace       used 22238K, capacity 22506K, committed 22656K, reserved 1069056K
  class space    used 2765K, capacity 2871K, committed 2944K, reserved 1048576K

Card table byte_map: [0x000001efd5ae0000,0x000001efd5ec0000] byte_map_base: 0x000001efd56ba000

Marking Bits: (ParMarkBitMap*) 0x000000005156f810
 Begin Bits: [0x000001efd6160000, 0x000001efd8030000)
 End Bits:   [0x000001efd8030000, 0x000001efd9f00000)

Polling page: 0x000001efc66f0000

CodeCache: size=245760Kb used=15089Kb max_used=15109Kb free=230670Kb
 bounds [0x000001efc6720000, 0x000001efc75f0000, 0x000001efd5720000]
 total_blobs=4373 nmethods=3915 adapters=365
 compilation: enabled

Compilation events (10 events):
Event: 2.920 Thread 0x000001efddc00000 3926       3       java.nio.DirectByteBuffer::put (18 bytes)
Event: 2.920 Thread 0x000001efddc01000 3927       3       java.nio.DirectByteBuffer::ix (10 bytes)
Event: 2.921 Thread 0x000001efddc01000 nmethod 3927 0x000001efc69d6110 code [0x000001efc69d6260, 0x000001efc69d63b8]
Event: 2.921 Thread 0x000001efddc00000 

Event: 2.921 Thread 0x000001efddc00000 3930       1       java.nio.DirectByteBuffer::ix (10 bytes)
Event: 2.921 Thread 0x000001efddc01000 3929       3       java.nio.DirectByteBuffer::put (18 bytes)
Event: 2.921 Thread 0x000001efddc00000 nmethod 3930 0x000001efc69d5e50 code [0x000001efc69d5fa0, 0x000001efc69d60b8]
Event: 2.921 Thread 0x000001efddc01000 nmethod 3929 0x000001efc75c5810 code [0x000001efc75c5980, 0x000001efc75c5bf8]
Event: 2.929 Thread 0x000001efddc00000 3931       3       java.lang.StringBuilder::append (9 bytes)
Event: 2.929 Thread 0x000001efddc00000 nmethod 3931 0x000001efc75c5110 code [0x000001efc75c52a0, 0x000001efc75c56a0]

GC Heap History (10 events):
Event: 0.443 GC heap before
{Heap before GC invocations=1 (full 0):
 PSYoungGen      total 36864K, used 31744K [0x00000000d6f00000, 0x00000000d9800000, 0x0000000100000000)
  eden space 31744K, 100% used [0x00000000d6f00000,0x00000000d8e00000,0x00000000d8e00000)
  from space 5120K, 0% used [0x00000000d9300000,0x00000000d9300000,0x00000000d9800000)
  to   space 5120K, 0% used [0x00000000d8e00000,0x00000000d8e00000,0x00000000d9300000)
 ParOldGen       total 84992K, used 0K [0x0000000084c00000, 0x0000000089f00000, 0x00000000d6f00000)
  object space 84992K, 0% used [0x0000000084c00000,0x0000000084c00000,0x0000000089f00000)
 Metaspace       used 7215K, capacity 7386K, committed 7552K, reserved 1056768K
  class space    used 790K, capacity 869K, committed 896K, reserved 1048576K
Event: 0.450 GC heap after
Heap after GC invocations=1 (full 0):
 PSYoungGen      total 36864K, used 5090K [0x00000000d6f00000, 0x00000000db700000, 0x0000000100000000)
  eden space 31744K, 0% used [0x00000000d6f00000,0x00000000d6f00000,0x00000000d8e00000)
  from space 5120K, 99% used [0x00000000d8e00000,0x00000000d92f8ad8,0x00000000d9300000)
  to   space 5120K, 0% used [0x00000000db200000,0x00000000db200000,0x00000000db700000)
 ParOldGen       total 84992K, used 1615K [0x0000000084c00000, 0x0000000089f00000, 0x00000000d6f00000)
  object space 84992K, 1% used [0x0000000084c00000,0x0000000084d93db8,0x0000000089f00000)
 Metaspace       used 7215K, capacity 7386K, committed 7552K, reserved 1056768K
  class space    used 790K, capacity 869K, committed 896K, reserved 1048576K
}
Event: 0.699 GC heap before
{Heap before GC invocations=2 (full 0):
 PSYoungGen      total 36864K, used 36503K [0x00000000d6f00000, 0x00000000db700000, 0x0000000100000000)
  eden space 31744K, 98% used [0x00000000d6f00000,0x00000000d8dad130,0x00000000d8e00000)
  from space 5120K, 99% used [0x00000000d8e00000,0x00000000d92f8ad8,0x00000000d9300000)
  to   space 5120K, 0% used [0x00000000db200000,0x00000000db200000,0x00000000db700000)
 ParOldGen       total 84992K, used 1615K [0x0000000084c00000, 0x0000000089f00000, 0x00000000d6f00000)
  object space 84992K, 1% used [0x0000000084c00000,0x0000000084d93db8,0x0000000089f00000)
 Metaspace       used 10038K, capacity 10188K, committed 10368K, reserved 1058816K
  class space    used 1194K, capacity 1288K, committed 1408K, reserved 1048576K
Event: 0.709 GC heap after
Heap after GC invocations=2 (full 0):
 PSYoungGen      total 68608K, used 5097K [0x00000000d6f00000, 0x00000000db700000, 0x0000000100000000)
  eden space 63488K, 0% used [0x00000000d6f00000,0x00000000d6f00000,0x00000000dad00000)
  from space 5120K, 99% used [0x00000000db200000,0x00000000db6fa6b0,0x00000000db700000)
  to   space 5120K, 0% used [0x00000000dad00000,0x00000000dad00000,0x00000000db200000)
 ParOldGen       total 84992K, used 7215K [0x0000000084c00000, 0x0000000089f00000, 0x00000000d6f00000)
  object space 84992K, 8% used [0x0000000084c00000,0x000000008530bff8,0x0000000089f00000)
 Metaspace       used 10038K, capacity 10188K, committed 10368K, reserved 1058816K
  class space    used 1194K, capacity 1288K, committed 1408K, reserved 1048576K
}
Event: 1.319 GC heap before
{Heap before GC invocations=3 (full 0):
 PSYoungGen      total 68608K, used 68585K [0x00000000d6f00000, 0x00000000db700000, 0x0000000100000000)
  eden space 63488K, 100% used [0x00000000d6f00000,0x00000000dad00000,0x00000000dad00000)
  from space 5120K, 99% used [0x00000000db200000,0x00000000db6fa6b0,0x00000000db700000)
  to   space 5120K, 0% used [0x00000000dad00000,0x00000000dad00000,0x00000000db200000)
 ParOldGen       total 84992K, used 7215K [0x0000000084c00000, 0x0000000089f00000, 0x00000000d6f00000)
  object space 84992K, 8% used [0x0000000084c00000,0x000000008530bff8,0x0000000089f00000)
 Metaspace       used 15826K, capacity 16040K, committed 16384K, reserved 1062912K
  class space    used 1976K, capacity 2034K, committed 2048K, reserved 1048576K
Event: 1.331 GC heap after
Heap after GC invocations=3 (full 0):
 PSYoungGen      total 68608K, used 5097K [0x00000000d6f00000, 0x00000000df500000, 0x0000000100000000)
  eden space 63488K, 0% used [0x00000000d6f00000,0x00000000d6f00000,0x00000000dad00000)
  from space 5120K, 99% used [0x00000000dad00000,0x00000000db1fa6b0,0x00000000db200000)
  to   space 5120K, 0% used [0x00000000df000000,0x00000000df000000,0x00000000df500000)
 ParOldGen       total 84992K, used 17250K [0x0000000084c00000, 0x0000000089f00000, 0x00000000d6f00000)
  object space 84992K, 20% used [0x0000000084c00000,0x0000000085cd8900,0x0000000089f00000)
 Metaspace       used 15826K, capacity 16040K, committed 16384K, reserved 1062912K
  class space    used 1976K, capacity 2034K, committed 2048K, reserved 1048576K
}
Event: 2.174 GC heap before
{Heap before GC invocations=4 (full 0):
 PSYoungGen      total 68608K, used 50948K [0x00000000d6f00000, 0x00000000df500000, 0x0000000100000000)
  eden space 63488K, 72% used [0x00000000d6f00000,0x00000000d9bc6bc0,0x00000000dad00000)
  from space 5120K, 99% used [0x00000000dad00000,0x00000000db1fa6b0,0x00000000db200000)
  to   space 5120K, 0% used [0x00000000df000000,0x00000000df000000,0x00000000df500000)
 ParOldGen       total 84992K, used 17250K [0x0000000084c00000, 0x0000000089f00000, 0x00000000d6f00000)
  object space 84992K, 20% used [0x0000000084c00000,0x0000000085cd8900,0x0000000089f00000)
 Metaspace       used 20821K, capacity 21066K, committed 21248K, reserved 1067008K
  class space    used 2631K, capacity 2727K, committed 2816K, reserved 1048576K
Event: 2.186 GC heap after
Heap after GC invocations=4 (full 0):
 PSYoungGen      total 132096K, used 5113K [0x00000000d6f00000, 0x00000000df500000, 0x0000000100000000)
  eden space 126976K, 0% used [0x00000000d6f00000,0x00000000d6f00000,0x00000000deb00000)
  from space 5120K, 99% used [0x00000000df000000,0x00000000df4fe6a0,0x00000000df500000)
  to   space 5120K, 0% used [0x00000000deb00000,0x00000000deb00000,0x00000000df000000)
 ParOldGen       total 84992K, used 24460K [0x0000000084c00000, 0x0000000089f00000, 0x00000000d6f00000)
  object space 84992K, 28% used [0x0000000084c00000,0x00000000863e3238,0x0000000089f00000)
 Metaspace       used 20821K, capacity 21066K, committed 21248K, reserved 1067008K
  class space    used 2631K, capacity 2727K, committed 2816K, reserved 1048576K
}
Event: 2.186 GC heap before
{Heap before GC invocations=5 (full 1):
 PSYoungGen      total 132096K, used 5113K [0x00000000d6f00000, 0x00000000df500000, 0x0000000100000000)
  eden space 126976K, 0% used [0x00000000d6f00000,0x00000000d6f00000,0x00000000deb00000)
  from space 5120K, 99% used [0x00000000df000000,0x00000000df4fe6a0,0x00000000df500000)
  to   space 5120K, 0% used [0x00000000deb00000,0x00000000deb00000,0x00000000df000000)
 ParOldGen       total 84992K, used 24460K [0x0000000084c00000, 0x0000000089f00000, 0x00000000d6f00000)
  object space 84992K, 28% used [0x0000000084c00000,0x00000000863e3238,0x0000000089f00000)
 Metaspace       used 20821K, capacity 21066K, committed 21248K, reserved 1067008K
  class space    used 2631K, capacity 2727K, committed 2816K, reserved 1048576K
Event: 2.234 GC heap after
Heap after GC invocations=5 (full 1):
 PSYoungGen      total 132096K, used 0K [0x00000000d6f00000, 0x00000000df500000, 0x0000000100000000)
  eden space 126976K, 0% used [0x00000000d6f00000,0x00000000d6f00000,0x00000000deb00000)
  from space 5120K, 0% used [0x00000000df000000,0x00000000df000000,0x00000000df500000)
  to   space 5120K, 0% used [0x00000000deb00000,0x00000000deb00000,0x00000000df000000)
 ParOldGen       total 78336K, used 18556K [0x0000000084c00000, 0x0000000089880000, 0x00000000d6f00000)
  object space 78336K, 23% used [0x0000000084c00000,0x0000000085e1f3d8,0x0000000089880000)
 Metaspace       used 20821K, capacity 21066K, committed 21248K, reserved 1067008K
  class space    used 2631K, capacity 2727K, committed 2816K, reserved 1048576K
}

Deoptimization events (10 events):
Event: 2.124 Thread 0x000001efc4ce0800 Uncommon trap: reason=unstable_if action=reinterpret pc=0x000001efc729c140 method=org.eclipse.emf.common.notify.impl.BasicNotifierImpl$EAdapterList.getAdapterForType(Ljava/lang/Object;)Lorg/eclipse/emf/common/notify/Adapter; @ 50
Event: 2.163 Thread 0x000001efc4ce0800 Uncommon trap: reason=unstable_if action=reinterpret pc=0x000001efc729d1e0 method=org.eclipse.emf.common.notify.impl.BasicNotifierImpl$EAdapterList.getAdapterForType(Ljava/lang/Object;)Lorg/eclipse/emf/common/notify/Adapter; @ 50
Event: 2.171 Thread 0x000001efc4ce0800 Uncommon trap: reason=unstable_if action=reinterpret pc=0x000001efc729a7f0 method=org.eclipse.emf.common.notify.impl.BasicNotifierImpl$EAdapterList.getAdapterForType(Ljava/lang/Object;)Lorg/eclipse/emf/common/notify/Adapter; @ 50
Event: 2.277 Thread 0x000001efc4ce0800 Uncommon trap: reason=unstable_if action=reinterpret pc=0x000001efc72adfd0 method=org.uqbar.project.wollok.wollokDsl.impl.WMemberFeatureCallImpl.eIsSet(I)Z @ 104
Event: 2.507 Thread 0x000001efc4ce0800 Uncommon trap: reason=unstable_if action=reinterpret pc=0x000001efc73aea8c method=org.eclipse.xtext.naming.DefaultDeclarativeQualifiedNameProvider.computeFullyQualifiedName(Lorg/eclipse/emf/ecore/EObject;)Lorg/eclipse/xtext/naming/QualifiedName; @ 20
Event: 2.605 Thread 0x000001efc4ce0800 Uncommon trap: reason=unstable_if action=reinterpret pc=0x000001efc7509464 method=org.eclipse.xtext.util.OnChangeEvictingCache$CacheAdapter.internalGet(Ljava/lang/Object;)Ljava/lang/Object; @ 4
Event: 2.670 Thread 0x000001efc4ce0800 Uncommon trap: reason=unstable_if action=reinterpret pc=0x000001efc72a2dd4 method=java.io.WinNTFileSystem.normalize(Ljava/lang/String;)Ljava/lang/String; @ 49
Event: 2.689 Thread 0x000001efc4ce0800 Uncommon trap: reason=predicate action=maybe_recompile pc=0x000001efc6d65914 method=java.lang.String.regionMatches(ZILjava/lang/String;II)Z @ 63
Event: 2.894 Thread 0x000001efc4ce0800 Uncommon trap: reason=unstable_if action=reinterpret pc=0x000001efc6af6a08 method=java.lang.ThreadLocal$ThreadLocalMap.getEntry(Ljava/lang/ThreadLocal;)Ljava/lang/ThreadLocal$ThreadLocalMap$Entry; @ 29
Event: 2.895 Thread 0x000001efc4ce0800 Uncommon trap: reason=unstable_if action=reinterpret pc=0x000001efc6afeb1c method=java.lang.ThreadLocal$ThreadLocalMap.getEntry(Ljava/lang/ThreadLocal;)Ljava/lang/ThreadLocal$ThreadLocalMap$Entry; @ 29

Classes redefined (0 events):
No events

Internal exceptions (10 events):
Event: 2.291 Thread 0x000001efc4ce0800 Exception <a 'java/lang/reflect/InvocationTargetException'> (0x00000000d753ba30) thrown at [J:\jenkins\tmp\workspace\build\src\hotspot\src\share\vm\runtime\reflection.cpp, line 1092]
Event: 2.292 Thread 0x000001efc4ce0800 Exception <a 'java/lang/reflect/InvocationTargetException'> (0x00000000d75549e8) thrown at [J:\jenkins\tmp\workspace\build\src\hotspot\src\share\vm\runtime\reflection.cpp, line 1092]
Event: 2.499 Thread 0x000001efc4ce0800 Exception <a 'java/io/FileNotFoundException'> (0x00000000d8637f38) thrown at [J:\jenkins\tmp\workspace\build\src\hotspot\src\share\vm\prims\jni.cpp, line 709]
Event: 2.599 Thread 0x000001efc4ce0800 Exception <a 'java/io/FileNotFoundException'> (0x00000000d8e68578) thrown at [J:\jenkins\tmp\workspace\build\src\hotspot\src\share\vm\prims\jni.cpp, line 709]
Event: 2.928 Thread 0x000001efc4ce0800 Exception <a 'java/security/PrivilegedActionException'> (0x00000000d95b20a0) thrown at [J:\jenkins\tmp\workspace\build\src\hotspot\src\share\vm\prims\jvm.cpp, line 1514]
Event: 2.928 Thread 0x000001efc4ce0800 Exception <a 'java/security/PrivilegedActionException'> (0x00000000d95b35d0) thrown at [J:\jenkins\tmp\workspace\build\src\hotspot\src\share\vm\prims\jvm.cpp, line 1514]
Event: 2.928 Thread 0x000001efc4ce0800 Exception <a 'java/security/PrivilegedActionException'> (0x00000000d95b4a00) thrown at [J:\jenkins\tmp\workspace\build\src\hotspot\src\share\vm\prims\jvm.cpp, line 1514]
Event: 2.928 Thread 0x000001efc4ce0800 Exception <a 'java/security/PrivilegedActionException'> (0x00000000d95b60c0) thrown at [J:\jenkins\tmp\workspace\build\src\hotspot\src\share\vm\prims\jvm.cpp, line 1514]
Event: 2.928 Thread 0x000001efc4ce0800 Exception <a 'java/security/PrivilegedActionException'> (0x00000000d95b74b8) thrown at [J:\jenkins\tmp\workspace\build\src\hotspot\src\share\vm\prims\jvm.cpp, line 1514]
Event: 2.928 Thread 0x000001efc4ce0800 Exception <a 'java/security/PrivilegedActionException'> (0x00000000d95b8880) thrown at [J:\jenkins\tmp\workspace\build\src\hotspot\src\share\vm\prims\jvm.cpp, line 1514]

Events (10 events):
Event: 2.970 loading class org/lwjgl/openal/ALCdevice
Event: 2.970 loading class org/lwjgl/openal/ALCdevice done
Event: 2.971 loading class org/lwjgl/openal/ALCcontext
Event: 2.971 loading class org/lwjgl/openal/ALCcontext done
Event: 2.971 loading class java/nio/DirectIntBufferU
Event: 2.972 loading class java/nio/DirectIntBufferU done
Event: 2.972 loading class org/lwjgl/openal/Util
Event: 2.972 loading class org/lwjgl/openal/Util done
Event: 2.972 loading class org/lwjgl/openal/OpenALException
Event: 2.972 loading class org/lwjgl/openal/OpenALException done


Dynamic libraries:
0x00007ff614ee0000 - 0x00007ff614f25000 	C:\Users\diazm\Documents\Matias\Programas\OpenJDK8U-jdk_x64_windows_hotspot_8u372b07\jdk8u372-b07\bin\javaw.exe
0x00007ffc0bc90000 - 0x00007ffc0bea4000 	C:\WINDOWS\SYSTEM32\ntdll.dll
0x00007ffc0a4b0000 - 0x00007ffc0a572000 	C:\WINDOWS\System32\KERNEL32.DLL
0x00007ffc09210000 - 0x00007ffc095b3000 	C:\WINDOWS\System32\KERNELBASE.dll
0x00007ffc0a0c0000 - 0x00007ffc0a16e000 	C:\WINDOWS\System32\ADVAPI32.dll
0x00007ffc0a010000 - 0x00007ffc0a0b7000 	C:\WINDOWS\System32\msvcrt.dll
0x00007ffc0b760000 - 0x00007ffc0b804000 	C:\WINDOWS\System32\sechost.dll
0x00007ffc09c30000 - 0x00007ffc09d47000 	C:\WINDOWS\System32\RPCRT4.dll
0x00007ffc09d50000 - 0x00007ffc09efb000 	C:\WINDOWS\System32\USER32.dll
0x00007ffc091e0000 - 0x00007ffc09206000 	C:\WINDOWS\System32\win32u.dll
0x00007ffc0a2f0000 - 0x00007ffc0a319000 	C:\WINDOWS\System32\GDI32.dll
0x00007ffc09970000 - 0x00007ffc09a88000 	C:\WINDOWS\System32\gdi32full.dll
0x00007ffc09760000 - 0x00007ffc097fa000 	C:\WINDOWS\System32\msvcp_win.dll
0x00007ffc095c0000 - 0x00007ffc096d1000 	C:\WINDOWS\System32\ucrtbase.dll
0x00007ffbf35b0000 - 0x00007ffbf383e000 	C:\WINDOWS\WinSxS\amd64_microsoft.windows.common-controls_6595b64144ccf1df_6.0.22621.1635_none_270f70857386168e\COMCTL32.dll
0x00007ffc0b590000 - 0x00007ffc0b5c1000 	C:\WINDOWS\System32\IMM32.DLL
0x00007ffbf5e50000 - 0x00007ffbf5e65000 	C:\Users\diazm\Documents\Matias\Programas\OpenJDK8U-jdk_x64_windows_hotspot_8u372b07\jdk8u372-b07\jre\bin\vcruntime140.dll
0x00007ffbd1890000 - 0x00007ffbd192b000 	C:\Users\diazm\Documents\Matias\Programas\OpenJDK8U-jdk_x64_windows_hotspot_8u372b07\jdk8u372-b07\jre\bin\msvcp140.dll
0x0000000050d90000 - 0x00000000515e8000 	C:\Users\diazm\Documents\Matias\Programas\OpenJDK8U-jdk_x64_windows_hotspot_8u372b07\jdk8u372-b07\jre\bin\server\jvm.dll
0x00007ffc0a1a0000 - 0x00007ffc0a1a8000 	C:\WINDOWS\System32\PSAPI.DLL
0x00007ffbf58c0000 - 0x00007ffbf58ca000 	C:\WINDOWS\SYSTEM32\VERSION.dll
0x00007ffc00eb0000 - 0x00007ffc00ee4000 	C:\WINDOWS\SYSTEM32\WINMM.dll
0x00007ffbed4e0000 - 0x00007ffbed4e9000 	C:\WINDOWS\SYSTEM32\WSOCK32.dll
0x00007ffc0b810000 - 0x00007ffc0b881000 	C:\WINDOWS\System32\ws2_32.DLL
0x00007ffc080d0000 - 0x00007ffc080e8000 	C:\WINDOWS\SYSTEM32\kernel.appcore.dll
0x00007ffbed060000 - 0x00007ffbed070000 	C:\Users\diazm\Documents\Matias\Programas\OpenJDK8U-jdk_x64_windows_hotspot_8u372b07\jdk8u372-b07\jre\bin\verify.dll
0x00007ffbe4cf0000 - 0x00007ffbe4d1b000 	C:\Users\diazm\Documents\Matias\Programas\OpenJDK8U-jdk_x64_windows_hotspot_8u372b07\jdk8u372-b07\jre\bin\java.dll
0x00007ffbeacc0000 - 0x00007ffbeacd8000 	C:\Users\diazm\Documents\Matias\Programas\OpenJDK8U-jdk_x64_windows_hotspot_8u372b07\jdk8u372-b07\jre\bin\zip.dll
0x00007ffc0aa00000 - 0x00007ffc0b1fa000 	C:\WINDOWS\System32\SHELL32.dll
0x00007ffc07060000 - 0x00007ffc0792e000 	C:\WINDOWS\SYSTEM32\windows.storage.dll
0x00007ffc0b200000 - 0x00007ffc0b589000 	C:\WINDOWS\System32\combase.dll
0x00007ffc06f20000 - 0x00007ffc0705e000 	C:\WINDOWS\SYSTEM32\wintypes.dll
0x00007ffc09f10000 - 0x00007ffc0a001000 	C:\WINDOWS\System32\SHCORE.dll
0x00007ffc0ba10000 - 0x00007ffc0ba6e000 	C:\WINDOWS\System32\shlwapi.dll
0x00007ffc08fe0000 - 0x00007ffc09001000 	C:\WINDOWS\SYSTEM32\profapi.dll
0x0000000065580000 - 0x0000000065616000 	C:\Users\diazm\AppData\Local\Temp\libgdxdiazm\12dfaa03\gdx64.dll
0x00007ffc087d0000 - 0x00007ffc087eb000 	C:\WINDOWS\SYSTEM32\CRYPTSP.dll
0x00007ffc08040000 - 0x00007ffc08075000 	C:\WINDOWS\system32\rsaenh.dll
0x00007ffc08670000 - 0x00007ffc08698000 	C:\WINDOWS\SYSTEM32\USERENV.dll
0x00007ffc08990000 - 0x00007ffc089b8000 	C:\WINDOWS\SYSTEM32\bcrypt.dll
0x00007ffc096e0000 - 0x00007ffc0975b000 	C:\WINDOWS\System32\bcryptprimitives.dll
0x00007ffc087f0000 - 0x00007ffc087fc000 	C:\WINDOWS\SYSTEM32\CRYPTBASE.dll
0x00007ffbe7620000 - 0x00007ffbe763c000 	C:\Users\diazm\Documents\Matias\Programas\OpenJDK8U-jdk_x64_windows_hotspot_8u372b07\jdk8u372-b07\jre\bin\net.dll
0x00007ffc08570000 - 0x00007ffc085d9000 	C:\WINDOWS\system32\mswsock.dll
0x00007ffc07bd0000 - 0x00007ffc07bfd000 	C:\WINDOWS\SYSTEM32\IPHLPAPI.DLL
0x00007ffc0a320000 - 0x00007ffc0a329000 	C:\WINDOWS\System32\NSI.dll
0x00007ffc02800000 - 0x00007ffc02819000 	C:\WINDOWS\SYSTEM32\dhcpcsvc6.DLL
0x00007ffc027e0000 - 0x00007ffc027ff000 	C:\WINDOWS\SYSTEM32\dhcpcsvc.DLL
0x00007ffc07c00000 - 0x00007ffc07cf3000 	C:\WINDOWS\SYSTEM32\DNSAPI.dll
0x00007ffbe68b0000 - 0x00007ffbe68c3000 	C:\Users\diazm\Documents\Matias\Programas\OpenJDK8U-jdk_x64_windows_hotspot_8u372b07\jdk8u372-b07\jre\bin\nio.dll
0x0000000180000000 - 0x0000000180053000 	C:\Users\diazm\AppData\Local\Temp\libgdxdiazm\dc0f0009\lwjgl64.dll
0x00007ffbd10b0000 - 0x00007ffbd11b0000 	C:\WINDOWS\SYSTEM32\OPENGL32.dll
0x00007ffbe5f80000 - 0x00007ffbe5fad000 	C:\WINDOWS\SYSTEM32\GLU32.dll
0x00007ffc06420000 - 0x00007ffc06456000 	C:\WINDOWS\SYSTEM32\dxcore.dll
0x000001efe4990000 - 0x000001efe49f4000 	C:\Users\diazm\AppData\Local\Temp\libgdxdiazm\dc0f0009\OpenAL64.dll
0x00007ffc09a90000 - 0x00007ffc09c2c000 	C:\WINDOWS\System32\ole32.dll
0x00007ffc06250000 - 0x00007ffc062fb000 	C:\WINDOWS\system32\uxtheme.dll
0x00007ffc0a240000 - 0x00007ffc0a2f0000 	C:\WINDOWS\System32\clbcatq.dll
0x00007ffbde840000 - 0x00007ffbde8e2000 	C:\WINDOWS\SYSTEM32\dsound.dll
0x00007ffbae0d0000 - 0x00007ffbae181000 	C:\WINDOWS\SYSTEM32\ResampleDmo.DLL
0x00007ffbf5920000 - 0x00007ffbf5949000 	C:\WINDOWS\SYSTEM32\winmmbase.dll
0x00007ffc08dd0000 - 0x00007ffc08e1d000 	C:\WINDOWS\SYSTEM32\powrprof.dll
0x00007ffc0b5d0000 - 0x00007ffc0b6a7000 	C:\WINDOWS\System32\OLEAUT32.dll
0x00007ffbf58b0000 - 0x00007ffbf58bb000 	C:\WINDOWS\SYSTEM32\msdmo.dll
0x00007ffc08db0000 - 0x00007ffc08dc3000 	C:\WINDOWS\SYSTEM32\UMPDC.dll
0x00007ffbfd8f0000 - 0x00007ffbfd98d000 	C:\WINDOWS\System32\MMDevApi.dll
0x00007ffc08cf0000 - 0x00007ffc08d1c000 	C:\WINDOWS\System32\DEVOBJ.dll
0x00007ffc08d20000 - 0x00007ffc08d6e000 	C:\WINDOWS\SYSTEM32\cfgmgr32.dll
0x00007ffbf7010000 - 0x00007ffbf71f5000 	C:\WINDOWS\SYSTEM32\AUDIOSES.DLL
0x00007ffc06590000 - 0x00007ffc067be000 	C:\WINDOWS\SYSTEM32\dbghelp.dll

VM Arguments:
jvm_args: -Duser.language=es_AR -Dfile.encoding=UTF-8 
java_command: org.uqbar.project.wollok.launch.WollokLauncher -requestsPort 0 -eventsPort 0 -folder -dontValidate -wf src/juego.wpgm
java_class_path (initial): C:\Users\diazm\Documents\Matias\UNSAM\AlgoritmosI\wollok-win32.win32.x86_64\workspace\tp-TurboAlgo\bin;C:\Users\diazm\Documents\Matias\UNSAM\AlgoritmosI\wollok-win32.win32.x86_64\plugins\com.ibm.icu_64.2.0.v20190507-1337.jar;C:\Users\diazm\Documents\Matias\UNSAM\AlgoritmosI\wollok-win32.win32.x86_64\plugins\org.eclipse.xtext_2.20.0.v20191202-0915.jar;C:\Users\diazm\Documents\Matias\UNSAM\AlgoritmosI\wollok-win32.win32.x86_64\plugins\org.eclipse.emf.ecore.xmi_2.16.0.v20190528-0725.jar;C:\Users\diazm\Documents\Matias\UNSAM\AlgoritmosI\wollok-win32.win32.x86_64\plugins\org.eclipse.emf.ecore_2.20.0.v20190920-0401.jar;C:\Users\diazm\Documents\Matias\UNSAM\AlgoritmosI\wollok-win32.win32.x86_64\plugins\org.eclipse.emf.common_2.17.0.v20190920-0401.jar;C:\Users\diazm\Documents\Matias\UNSAM\AlgoritmosI\wollok-win32.win32.x86_64\plugins\org.antlr.runtime_3.2.0.v201101311130.jar;C:\Users\diazm\Documents\Matias\UNSAM\AlgoritmosI\wollok-win32.win32.x86_64\plugins\com.google.inject_3.0.0.v201605172100.jar;C:\Users\diazm\Documents\Matias\UNSAM\AlgoritmosI\wollok-win32.win32.x86_64\plugins\org.eclipse.emf.mwe.core_1.5.1.v20191121-1148.jar;C:\Users\diazm\Documents\Matias\UNSAM\AlgoritmosI\wollok-win32.win32.x86_64\plugins\org.apache.commons.cli_1.2.0.v201404270220.jar;C:\Users\diazm\Documents\Matias\UNSAM\AlgoritmosI\wollok-win32.win32.x86_64\plugins\org.eclipse.emf.mwe2.runtime_2.11.1.v20191121-1148.jar;C:\Users\diazm\Documents\Matias\UNSAM\AlgoritmosI\wollok-win32.win32.x86_64\plugins\org.eclipse.emf.mwe.utils_1.5.1.v20191121-1148.jar;C:\Users\diazm\Documents\Matias\UNSAM\AlgoritmosI\wollok-win32.win32.x86_64\plugins\org.eclipse.xtext.util_2.20.0.v20191202-0915.jar;C:\Users\diazm\Documents\Matias\UNSAM\AlgoritmosI\wollok-win32.win32.x86_64\plugins\com.google.guava_27.1.0.v20190517-1946.jar;C:\Users\diazm\Documents\Matias\UNSAM\AlgoritmosI\wollok-win32.win32.x86_64\plugins\javax.inject_1.0.0.v20091030.jar;C:\Users\diazm\Documents\Matias\UNSAM\AlgoritmosI
Launcher Type: SUN_STANDARD

Environment Variables:
PATH=C:/Users/diazm/Documents/Matias/Programas/OpenJDK8U-jdk_x64_windows_hotspot_8u372b07/jdk8u372-b07/bin/../jre/bin/server;C:/Users/diazm/Documents/Matias/Programas/OpenJDK8U-jdk_x64_windows_hotspot_8u372b07/jdk8u372-b07/bin/../jre/bin;C:/Users/diazm/Documents/Matias/Programas/OpenJDK8U-jdk_x64_windows_hotspot_8u372b07/jdk8u372-b07/bin/../jre/lib/amd64;C:\WINDOWS\system32;C:\WINDOWS;C:\WINDOWS\System32\Wbem;C:\WINDOWS\System32\WindowsPowerShell\v1.0\;C:\WINDOWS\System32\OpenSSH\;C:\Program Files\PuTTY\;C:\Program Files\Git\cmd;C:\Users\diazm\AppData\Local\Programs\Python\Python311\Scripts\;C:\Users\diazm\AppData\Local\Programs\Python\Python311\;C:\Users\diazm\AppData\Local\Microsoft\WindowsApps;C:\Program Files\CodeBlocks\MinGW\bin;C:\Users\diazm\Documents\Matias\Programas\OpenJDK8U-jdk_x64_windows_hotspot_8u372b07\jdk8u372-b07\bin;C:\Users\diazm\AppData\Local\Programs\Microsoft VS Code\bin;C:\Users\diazm\Documents\Matias\UNSAM\AlgoritmosI\wollok-win32.win32.x86_64;
USERNAME=diazm
OS=Windows_NT
PROCESSOR_IDENTIFIER=Intel64 Family 6 Model 154 Stepping 3, GenuineIntel



---------------  S Y S T E M  ---------------

OS: Windows 11 , 64 bit Build 22621 (10.0.22621.1635)

CPU:total 16 (initial active 16) (8 cores per cpu, 2 threads per core) family 6 model 154 stepping 3, cmov, cx8, fxsr, mmx, sse, sse2, sse3, ssse3, sse4.1, sse4.2, popcnt, avx, avx2, aes, clmul, erms, 3dnowpref, lzcnt, ht, tsc, tscinvbit, bmi1, bmi2, adx

Memory: 4k page, physical 8075344k(1423580k free), swap 10041424k(1877216k free)

vm_info: OpenJDK 64-Bit Server VM (25.372-b07) for windows-amd64 JRE (1.8.0_372-b07), built on Apr 19 2023 08:59:36 by "jenkins" with MS VC++ 15.9 (VS2017)

time: Wed May 24 16:39:40 2023
timezone: Hora estándar de Argentina
elapsed time: 3.026052 seconds (0d 0h 0m 3s)

